C:\Program Files\Microsoft Visual Studio\2022\Community\MSBuild\Microsoft\VC\v170\Microsoft.CppBuild.targets(499,5): warning MSB8004: Das Intermediate-Verzeichnis endet nicht mit einem nachstehenden Schrägstrich. Der Schrägstrich wird in dieser Buildinstanz hinzugefügt, da er für die ordnungsgemäße Auswertung des Intermediate-Verzeichnisses erforderlich ist.
C:\Program Files\Microsoft Visual Studio\2022\Community\MSBuild\Microsoft\VC\v170\Microsoft.CppBuild.targets(500,5): warning MSB8004: Das Output-Verzeichnis endet nicht mit einem nachstehenden Schrägstrich. Der Schrägstrich wird in dieser Buildinstanz hinzugefügt, da er für die ordnungsgemäße Auswertung des Output-Verzeichnisses erforderlich ist.
  DefaultParticleEngineCI.cpp
  IComputationInterface.cpp
  IParticleForceGenerator.cpp
  Particle.cpp
  ParticleAnchoredBungee.cpp
  ParticleAnchoredSpring.cpp
  ParticleBungee.cpp
  ParticleCable.cpp
  ParticleContact.cpp
  ParticleEngineCI.cpp
  ParticleFloatage.cpp
  ParticleForceRegistry.cpp
  ParticleGravityForce.cpp
  ParticleLink.cpp
  ParticleSpring.cpp
  ParticleSpringLike.cpp
  ParticleTyphoon.cpp
  ParticleWorld.cpp
  PhysicsEngineModule.cpp
  Random.cpp
  Code wird generiert...
  Kompilieren...
  Vector3D.cpp
  Code wird generiert...
  TodesEngine.vcxproj -> C:\Users\dan\Documents\SimulationVektoria\TodesEngine\Build\x64\Debug\TodesEngine.lib
